Models loaded successfully: device,resnet,mtcnn
username admin and password @intelligent_universe
 -------------------------FACE VERIFICATION LOG-------------------------------------------
<Request 'http://127.0.0.1:5000/demo-face_match' [POST]>
file1 extension and file2 extension .jpg .jpg
Size of files: 2815.1298828125 KB and 1142.45703125 KB
Image verifications: True True
Face sizes in image: True and True
The similarity distance is : 0.30547839403152466
username admin and password @intelligent_universe
 -------------------------FACE VERIFICATION LOG-------------------------------------------
<Request 'http://127.0.0.1:5000/demo-face_match' [POST]>
file1 extension and file2 extension .jpg .jpg
Size of files: 2815.1298828125 KB and 1142.45703125 KB
Image verifications: True True
Face sizes in image: True and True
The similarity distance is : 0.30547839403152466
username admin and password @intelligent_universe
 -------------------------FACE VERIFICATION LOG-------------------------------------------
<Request 'http://127.0.0.1:5000/demo-face_match' [POST]>
file1 extension and file2 extension .jpg .jpg
Size of files: 2815.1298828125 KB and 1142.45703125 KB
Image verifications: True True
Face sizes in image: True and True
The similarity distance is : 0.30547839403152466
username admin and password @intelligent_universe
 -------------------------FACE VERIFICATION LOG-------------------------------------------
<Request 'http://127.0.0.1:5000/demo-face_match' [POST]>
file1 extension and file2 extension .jpg .jpg
Size of files: 2815.1298828125 KB and 1142.45703125 KB
Image verifications: True True
Face sizes in image: True and True
The similarity distance is : 0.30547839403152466
username admin and password @intelligent_universe
 -------------------------FACE VERIFICATION LOG-------------------------------------------
<Request 'http://127.0.0.1:5000/demo-face_match' [POST]>
file1 extension and file2 extension .jpg .jpg
Size of files: 2815.1298828125 KB and 1142.45703125 KB
Image verifications: True True
Face sizes in image: True and True
The similarity distance is : 0.30547839403152466
username admin and password @intelligent_universe
 -------------------------FACE VERIFICATION LOG-------------------------------------------
<Request 'http://127.0.0.1:5000/demo-face_match' [POST]>
file1 extension and file2 extension .jpg .jpg
Size of files: 2815.1298828125 KB and 1142.45703125 KB
Image verifications: True True
Face sizes in image: True and True
The similarity distance is : 0.30547839403152466
username admin and password @intelligent_universe
 -------------------------FACE VERIFICATION LOG-------------------------------------------
<Request 'http://127.0.0.1:5000/demo-face_match' [POST]>
file1 extension and file2 extension .jpg .jpg
Size of files: 2815.1298828125 KB and 1142.45703125 KB
Image verifications: True True
Face sizes in image: True and True
The similarity distance is : 0.30547839403152466
username admin and password @intelligent_universe
 -------------------------FACE VERIFICATION LOG-------------------------------------------
<Request 'http://127.0.0.1:5000/demo-face_match' [POST]>
file1 extension and file2 extension .jpg .jpg
Size of files: 2815.1298828125 KB and 1142.45703125 KB
Image verifications: True True
Face sizes in image: True and True
The similarity distance is : 0.30547839403152466
username admin and password @intelligent_universe
 -------------------------FACE VERIFICATION LOG-------------------------------------------
<Request 'http://127.0.0.1:5000/demo-face_match' [POST]>
file1 extension and file2 extension .jpg .jpg
Size of files: 2815.1298828125 KB and 1142.45703125 KB
Image verifications: True True
Face sizes in image: True and True
The similarity distance is : 0.30547839403152466
username admin and password @intelligent_universe
 -------------------------FACE VERIFICATION LOG-------------------------------------------
<Request 'http://127.0.0.1:5000/demo-face_match' [POST]>
file1 extension and file2 extension .jpg .jpg
Size of files: 2815.1298828125 KB and 1142.45703125 KB
Image verifications: True True
Face sizes in image: True and True
The similarity distance is : 0.30547839403152466
